<?xml version="1.0" encoding="UTF-8"?>
<!-- Generated by org.testng.reporters.JUnitXMLReporter -->
<testsuite hostname="Yanyis-MacBook-Pro.local" name="Firefox Test Mac" tests="4" failures="0" timestamp="16 Oct 2018 04:33:42 GMT" time="72.896" errors="0">
  <testcase name="checkOut" time="63.899" classname="com.a23andMe.checkingout.Test23andMeCheckOut"/>
  <testcase name="checkOut" time="64.391" classname="com.a23andMe.checkingout.Test23andMeCheckOut"/>
  <testcase name="checkOut" time="64.606" classname="com.a23andMe.checkingout.Test23andMeCheckOut"/>
  <testcase name="checkOut" time="72.859" classname="com.a23andMe.checkingout.Test23andMeCheckOut"/>
</testsuite> <!-- Firefox Test Mac -->
