<?xml version="1.0" encoding="UTF-8"?>
<testng-results skipped="0" failed="0" total="1" passed="1">
  <reporter-output>
  </reporter-output>
  <suite name="Suite" duration-ms="23371" started-at="2018-10-16T06:01:07Z" finished-at="2018-10-16T06:01:30Z">
    <groups>
    </groups>
    <test name="Chrome Test Unix" duration-ms="23371" started-at="2018-10-16T06:01:07Z" finished-at="2018-10-16T06:01:30Z">
      <class name="com.a23andMe.checkingout.Test23andMeCheckOut">
        <test-method status="PASS" signature="beforeClass(java.lang.String)[pri:0, instance:com.a23andMe.checkingout.Test23andMeCheckOut@3c0ecd4b]" name="beforeClass" is-config="true" duration-ms="12" started-at="2018-10-15T23:01:07Z" finished-at="2018-10-15T23:01:07Z">
          <params>
            <param index="0">
              <value>
                <![CDATA[chrome]]>
              </value>
            </param>
          </params>
          <reporter-output>
          </reporter-output>
        </test-method> <!-- beforeClass -->
        <test-method status="PASS" signature="checkOut(java.lang.String, java.lang.String, java.lang.String, java.lang.String, java.lang.String, java.lang.String, java.lang.String, java.lang.String, java.lang.String, java.lang.String, java.lang.String)[pri:0, instance:com.a23andMe.checkingout.Test23andMeCheckOut@3c0ecd4b]" name="checkOut" duration-ms="23321" started-at="2018-10-15T23:01:07Z" data-provider="addressData" finished-at="2018-10-15T23:01:30Z">
          <params>
            <param index="0">
              <value>
                <![CDATA[yy]]>
              </value>
            </param>
            <param index="1">
              <value>
                <![CDATA[Du]]>
              </value>
            </param>
            <param index="2">
              <value>
                <![CDATA[899 W Evelyn Ave]]>
              </value>
            </param>
            <param index="3">
              <value>
                <![CDATA[Mountain View]]>
              </value>
            </param>
            <param index="4">
              <value>
                <![CDATA[California]]>
              </value>
            </param>
            <param index="5">
              <value>
                <![CDATA[94041]]>
              </value>
            </param>
            <param index="6">
              <value>
                <![CDATA[testpurpose23andme@gmail.com]]>
              </value>
            </param>
            <param index="7">
              <value>
                <![CDATA[8002395230]]>
              </value>
            </param>
            <param index="8">
              <value>
                <![CDATA[4111111111111111]]>
              </value>
            </param>
            <param index="9">
              <value>
                <![CDATA[12/19]]>
              </value>
            </param>
            <param index="10">
              <value>
                <![CDATA[666]]>
              </value>
            </param>
          </params>
          <reporter-output>
          </reporter-output>
        </test-method> <!-- checkOut -->
      </class> <!-- com.a23andMe.checkingout.Test23andMeCheckOut -->
    </test> <!-- Chrome Test Unix -->
  </suite> <!-- Suite -->
</testng-results>
